[debug] [2024-07-04T00:28:21.039Z] ----------------------------------------------------------------------
[debug] [2024-07-04T00:28:21.043Z] Command:       C:\Program Files\nodejs\node.exe C:\Users\satyam mishra\AppData\Roaming\npm\node_modules\firebase-tools\lib\bin\firebase.js init
[debug] [2024-07-04T00:28:21.043Z] CLI Version:   13.13.0
[debug] [2024-07-04T00:28:21.043Z] Platform:      win32
[debug] [2024-07-04T00:28:21.043Z] Node Version:  v20.11.1
[debug] [2024-07-04T00:28:21.044Z] Time:          Thu Jul 04 2024 05:58:21 GMT+0530 (India Standard Time)
[debug] [2024-07-04T00:28:21.044Z] ----------------------------------------------------------------------
[debug] 
[debug] [2024-07-04T00:28:21.049Z] > command requires scopes: ["email","openid","https://www.googleapis.com/auth/cloudplatformprojects.readonly","https://www.googleapis.com/auth/firebase","https://www.googleapis.com/auth/cloud-platform"]
[debug] [2024-07-04T00:28:21.049Z] > authorizing via signed-in user (aryanrajpandey780@gmail.com)
[info] 
     ######## #### ########  ######## ########     ###     ######  ########
     ##        ##  ##     ## ##       ##     ##  ##   ##  ##       ##
     ######    ##  ########  ######   ########  #########  ######  ######
     ##        ##  ##    ##  ##       ##     ## ##     ##       ## ##
     ##       #### ##     ## ######## ########  ##     ##  ######  ########

You're about to initialize a Firebase project in this directory:

  C:\Users\satyam mishra\OneDrive\Desktop\REG_FORM

[info] 
=== Project Setup
[info] 
[info] First, let's associate this project directory with a Firebase project.
[info] You can create multiple project aliases by running firebase use --add, 
[info] but for now we'll just set up a default project.
[info] 
[debug] [2024-07-04T00:29:53.551Z] >>> [apiv2][query] GET https://firebase.googleapis.com/v1beta1/projects pageSize=100
[debug] [2024-07-04T00:29:54.860Z] <<< [apiv2][status] GET https://firebase.googleapis.com/v1beta1/projects 200
[debug] [2024-07-04T00:29:54.860Z] <<< [apiv2][body] GET https://firebase.googleapis.com/v1beta1/projects [omitted]
[info] i  Using project h8j8-25f48 ( H8j8) 
[info] 
=== Hosting Setup
[debug] [2024-07-04T00:30:17.206Z] >>> [apiv2][query] GET https://firebase.googleapis.com/v1beta1/projects/h8j8-25f48 [none]
[debug] [2024-07-04T00:30:18.723Z] <<< [apiv2][status] GET https://firebase.googleapis.com/v1beta1/projects/h8j8-25f48 200
[debug] [2024-07-04T00:30:18.723Z] <<< [apiv2][body] GET https://firebase.googleapis.com/v1beta1/projects/h8j8-25f48 {"projectId":"h8j8-25f48","projectNumber":"761788424517","displayName":" H8j8","name":"projects/h8j8-25f48","resources":{"hostingSite":"h8j8-25f48"},"state":"ACTIVE","etag":"1_3d984643-c5e8-4a6f-8df9-b61e72e3f92b"}
[info] 
[info] Your public directory is the folder (relative to your project directory) that
[info] will contain Hosting assets to be uploaded with firebase deploy. If you
[info] have a build process for your assets, use your build's output directory.
[info] 
